<?xml version="1.0" encoding="UTF-8"?>
<!-- Generated by org.testng.reporters.JUnitReportReporter -->
<testsuite hostname="DESKTOP-JCSH58D" failures="0" tests="6" name="test.AttributeExamples" time="0.087" errors="0" timestamp="2025-03-03T21:10:56 IST" skipped="0">
  <testcase classname="test.AttributeExamples" name="signUpTest" time="0.019"/>
  <testcase classname="test.AttributeExamples" name="signUpTest" time="0.021"/>
  <testcase classname="test.AttributeExamples" name="loginTest" time="0.006"/>
  <testcase classname="test.AttributeExamples" name="signUpTest" time="0.014"/>
  <testcase classname="test.AttributeExamples" name="signUpTest" time="0.018"/>
  <testcase classname="test.AttributeExamples" name="signUpTest" time="0.009"/>
</testsuite> <!-- test.AttributeExamples -->
