<?xml version="1.0" encoding="UTF-8"?>
<!-- Generated by org.testng.reporters.JUnitReportReporter -->
<testsuite hostname="DESKTOP-JCSH58D" failures="0" tests="1" name="test.AnnotationsSample" time="0.014" errors="0" timestamp="2025-03-03T20:19:43 IST" skipped="0">
  <testcase classname="test.AnnotationsSample" name="testMethod" time="0.014"/>
</testsuite> <!-- test.AnnotationsSample -->
