<?xml version="1.0" encoding="UTF-8"?>
<!-- Generated by org.testng.reporters.JUnitReportReporter -->
<testsuite hostname="DESKTOP-JCSH58D" failures="0" tests="2" name="test.AttributeExamples" time="0.022" errors="0" timestamp="2025-03-06T16:31:30 IST" skipped="0">
  <testcase classname="test.AttributeExamples" name="loginTest" time="0.019"/>
  <testcase classname="test.AttributeExamples" name="signUpTest" time="0.003"/>
</testsuite> <!-- test.AttributeExamples -->
