<?xml version="1.0" encoding="UTF-8"?>
<!-- Generated by org.testng.reporters.JUnitReportReporter -->
<testsuite hostname="DESKTOP-JCSH58D" failures="0" tests="1" name="test.TC_001RegisterTest" time="13.284" errors="0" timestamp="2025-03-05T20:17:30 IST" skipped="0">
  <testcase classname="test.TC_001RegisterTest" name="registerTest" time="13.284"/>
</testsuite> <!-- test.TC_001RegisterTest -->
